09:55:44 **** Incremental Build of configuration Nios II for project Midterm2 ****
make all 
Info: Building ../Midterm2_bsp/
C:/intelFPGA_lite/17.1/nios2eds/bin/gnu/H-x86_64-mingw32/bin/make --no-print-directory -C ../Midterm2_bsp/
[BSP build complete]
Info: Compiling hello_world.c to obj/default/hello_world.o
nios2-elf-gcc -xc -MP -MMD -c -I../Midterm2_bsp//HAL/inc -I../Midterm2_bsp/ -I../Midterm2_bsp//drivers/inc  -pipe -D__hal__ -DALT_NO_INSTRUCTION_EMULATION -DALT_SINGLE_THREADED    -O0 -g -Wall   -mno-hw-div -mhw-mul -mno-hw-mulx -mgpopt=global  -o obj/default/hello_world.o hello_world.c
hello_world.c: In function 'init_key':
hello_world.c:81:2: warning: implicit declaration of function 'alt_irq_register' [-Wimplicit-function-declaration]
  alt_irq_register(PUSHB_IRQ, edge_capture_ptr, int_handler); //register pushbutton as interrupt
  ^
Info: Linking Midterm2.elf
nios2-elf-g++  -T'../Midterm2_bsp//linker.x' -msys-crt0='../Midterm2_bsp//obj/HAL/src/crt0.o' -msys-lib=hal_bsp -L../Midterm2_bsp/   -Wl,-Map=Midterm2.map   -O0 -g -Wall   -mno-hw-div -mhw-mul -mno-hw-mulx -mgpopt=global  -o Midterm2.elf obj/default/hello_world.o -lm -msys-lib=m
nios2-elf-insert Midterm2.elf --thread_model hal --cpu_name NIOS2 --qsys true --simulation_enabled false --id 0 --sidp 0x30c0 --timestamp 1585805769 --stderr_dev JTAG --stdin_dev JTAG --stdout_dev JTAG --sopc_system_name NIOSII --quartus_project_dir "C:/Users/tucke/OneDrive/Desktop/ECE178/SystemBuild_SDRAM_exp" --jdi ../..//output_files/NIOS2.jdi --sopcinfo C:/Users/tucke/OneDrive/Desktop/ECE178/SystemBuild_SDRAM_exp/software/Midterm2_bsp/../../NIOSII.sopcinfo
Info: (Midterm2.elf) 70 KBytes program size (code + initialized data).
Info:                130994 KBytes free for stack + heap.
Info: Creating Midterm2.objdump
nios2-elf-objdump --disassemble --syms --all-header --source Midterm2.elf >Midterm2.objdump
[Midterm2 build complete]
09:55:59 **** Build of configuration Nios II for project Midterm2 ****
make all 
Info: Building ../Midterm2_bsp/
C:/intelFPGA_lite/17.1/nios2eds/bin/gnu/H-x86_64-mingw32/bin/make --no-print-directory -C ../Midterm2_bsp/
[BSP build complete]
[Midterm2 build complete]
09:56:14 **** Incremental Build of configuration Nios II for project Midterm2 ****
make all 
Info: Building ../Midterm2_bsp/
C:/intelFPGA_lite/17.1/nios2eds/bin/gnu/H-x86_64-mingw32/bin/make --no-print-directory -C ../Midterm2_bsp/
[BSP build complete]
[Midterm2 build complete]
